[debug] [2023-03-02T22:39:36.773Z] ----------------------------------------------------------------------
[debug] [2023-03-02T22:39:36.775Z] Command:       /usr/local/bin/node /Users/mac/.npm-packages/bin/firebase init
[debug] [2023-03-02T22:39:36.776Z] CLI Version:   11.24.0
[debug] [2023-03-02T22:39:36.776Z] Platform:      darwin
[debug] [2023-03-02T22:39:36.776Z] Node Version:  v16.13.2
[debug] [2023-03-02T22:39:36.777Z] Time:          Thu Mar 02 2023 23:39:36 GMT+0100 (West Africa Standard Time)
[debug] [2023-03-02T22:39:36.778Z] ----------------------------------------------------------------------
[debug] 
[debug] [2023-03-02T22:39:36.861Z] > command requires scopes: ["email","openid","https://www.googleapis.com/auth/cloudplatformprojects.readonly","https://www.googleapis.com/auth/firebase","https://www.googleapis.com/auth/cloud-platform"]
[debug] [2023-03-02T22:39:36.862Z] > authorizing via signed-in user (obajohn75@gmail.com)
[info] 
     ######## #### ########  ######## ########     ###     ######  ########
     ##        ##  ##     ## ##       ##     ##  ##   ##  ##       ##
     ######    ##  ########  ######   ########  #########  ######  ######
     ##        ##  ##    ##  ##       ##     ## ##     ##       ## ##
     ##       #### ##     ## ######## ########  ##     ##  ######  ########

You're about to initialize a Firebase project in this directory:

  /Users/mac/Projects/startuplist-blog

Before we get started, keep in mind:

  * You are initializing within an existing Firebase project directory

[info] 
=== Project Setup
[info] 
[info] First, let's associate this project directory with a Firebase project.
[info] You can create multiple project aliases by running firebase use --add, 
[info] but for now we'll just set up a default project.
[info] 
[debug] [2023-03-02T22:39:47.834Z] Using project from CLI flag: johnexzy-dummy
[debug] [2023-03-02T22:39:47.835Z] > refreshing access token with scopes: []
[debug] [2023-03-02T22:39:47.838Z] >>> [apiv2][query] POST https://www.googleapis.com/oauth2/v3/token [none]
[debug] [2023-03-02T22:39:47.838Z] >>> [apiv2][body] POST https://www.googleapis.com/oauth2/v3/token [omitted]
[debug] [2023-03-02T22:39:48.467Z] <<< [apiv2][status] POST https://www.googleapis.com/oauth2/v3/token 200
[debug] [2023-03-02T22:39:48.467Z] <<< [apiv2][body] POST https://www.googleapis.com/oauth2/v3/token [omitted]
[debug] [2023-03-02T22:39:48.483Z] >>> [apiv2][query] GET https://firebase.googleapis.com/v1beta1/projects/johnexzy-dummy [none]
[debug] [2023-03-02T22:39:49.164Z] <<< [apiv2][status] GET https://firebase.googleapis.com/v1beta1/projects/johnexzy-dummy 200
[debug] [2023-03-02T22:39:49.165Z] <<< [apiv2][body] GET https://firebase.googleapis.com/v1beta1/projects/johnexzy-dummy {"projectId":"johnexzy-dummy","projectNumber":"395217088994","displayName":"dummy-12345","name":"projects/johnexzy-dummy","resources":{"hostingSite":"johnexzy-dummy"},"state":"ACTIVE","etag":"1_eab687bc-6206-4acd-b615-76ac7718de85"}
[info] i  Using project johnexzy-dummy (dummy-12345) 
[info] 
=== Hosting:github Setup
[info] 
[info] i  Detected a .git folder at /Users/mac/Projects/startuplist-blog 
[info] i  Authorizing with GitHub to upload your service account to a GitHub repository's secrets store. 
[info] 
[info] Visit this URL on this device to log in:
[info] https://github.com/login/oauth/authorize?client_id=89cf50f02ac6aaed3484&state=742901310&redirect_uri=http%3A%2F%2Flocalhost%3A9005&scope=read%3Auser%20repo%20public_repo
[info] 
[info] Waiting for authentication...
[debug] [2023-03-02T22:39:50.540Z] >>> [apiv2][query] POST https://github.com/login/oauth/access_token [none]
[debug] [2023-03-02T22:39:50.541Z] >>> [apiv2][body] POST https://github.com/login/oauth/access_token [stream]
[debug] [2023-03-02T22:39:51.308Z] <<< [apiv2][status] POST https://github.com/login/oauth/access_token 200
[debug] [2023-03-02T22:39:51.308Z] <<< [apiv2][body] POST https://github.com/login/oauth/access_token {"access_token":"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","token_type":"bearer","scope":"read:user,repo"}
[debug] [2023-03-02T22:39:51.318Z] >>> [apiv2][query] GET https://api.github.com/user [none]
[debug] [2023-03-02T22:39:52.332Z] <<< [apiv2][status] GET https://api.github.com/user 200
[debug] [2023-03-02T22:39:52.332Z] <<< [apiv2][body] GET https://api.github.com/user {"login":"johnexzy","id":26607100,"node_id":"MDQ6VXNlcjI2NjA3MTAw","avatar_url":"https://avatars.githubusercontent.com/u/26607100?v=4","gravatar_id":"","url":"https://api.github.com/users/johnexzy","html_url":"https://github.com/johnexzy","followers_url":"https://api.github.com/users/johnexzy/followers","following_url":"https://api.github.com/users/johnexzy/following{/other_user}","gists_url":"https://api.github.com/users/johnexzy/gists{/gist_id}","starred_url":"https://api.github.com/users/johnexzy/starred{/owner}{/repo}","subscriptions_url":"https://api.github.com/users/johnexzy/subscriptions","organizations_url":"https://api.github.com/users/johnexzy/orgs","repos_url":"https://api.github.com/users/johnexzy/repos","events_url":"https://api.github.com/users/johnexzy/events{/privacy}","received_events_url":"https://api.github.com/users/johnexzy/received_events","type":"User","site_admin":false,"name":"John Oba","company":"@AfroLabsInc StartuplistAfrica","blog":"https://startuplist.africa","location":"null","email":"obajohn75@gmail.com","hireable":true,"bio":"Solution Enginner🧠","twitter_username":"_afrodev","public_repos":76,"public_gists":15,"followers":14,"following":25,"created_at":"2017-03-22T18:06:29Z","updated_at":"2023-03-01T10:12:21Z","private_gists":1,"total_private_repos":11,"owned_private_repos":11,"disk_usage":433523,"collaborators":1,"two_factor_authentication":false,"plan":{"name":"free","space":976562499,"collaborators":0,"private_repos":10000}}
[info] 
[info] ✔  Success! Logged into GitHub as johnexzy 
[info] 
